{"/home/luke/projects/totalcloud/backend/auth/app/api.js": {"path":"/home/luke/projects/totalcloud/backend/auth/app/api.js","statementMap":{"0":{"start":{"line":3,"column":16},"end":{"line":3,"column":34}},"1":{"start":{"line":4,"column":13},"end":{"line":4,"column":28}},"2":{"start":{"line":8,"column":12},"end":{"line":8,"column":21}},"3":{"start":{"line":10,"column":0},"end":{"line":16,"column":2}},"4":{"start":{"line":18,"column":0},"end":{"line":18,"column":24}},"5":{"start":{"line":19,"column":0},"end":{"line":19,"column":48}},"6":{"start":{"line":24,"column":20},"end":{"line":24,"column":44}},"7":{"start":{"line":29,"column":0},"end":{"line":31,"column":3}},"8":{"start":{"line":30,"column":4},"end":{"line":30,"column":27}},"9":{"start":{"line":33,"column":0},"end":{"line":33,"column":30}},"10":{"start":{"line":35,"column":0},"end":{"line":35,"column":84}},"11":{"start":{"line":35,"column":27},"end":{"line":35,"column":82}},"12":{"start":{"line":37,"column":0},"end":{"line":37,"column":21}}},"fnMap":{"0":{"name":"(anonymous_0)","decl":{"start":{"line":29,"column":13},"end":{"line":29,"column":14}},"loc":{"start":{"line":29,"column":27},"end":{"line":31,"column":1}},"line":29},"1":{"name":"(anonymous_1)","decl":{"start":{"line":35,"column":13},"end":{"line":35,"column":14}},"loc":{"start":{"line":35,"column":27},"end":{"line":35,"column":82}},"line":35}},"branchMap":{},"s":{"0":2,"1":2,"2":2,"3":2,"4":2,"5":2,"6":2,"7":2,"8":1,"9":2,"10":2,"11":1,"12":2},"f":{"0":1,"1":1},"b":{},"_coverageSchema":"1a1c01bbd47fc00a2c39e90264f33305004495a9","hash":"f64a3fd7dcbdbe9c5a87e1de4e72d8104eed7f23"}
,"/home/luke/projects/totalcloud/backend/auth/app/db.config.js": {"path":"/home/luke/projects/totalcloud/backend/auth/app/db.config.js","statementMap":{"0":{"start":{"line":3,"column":22},"end":{"line":3,"column":42}},"1":{"start":{"line":7,"column":18},"end":{"line":12,"column":2}},"2":{"start":{"line":15,"column":11},"end":{"line":15,"column":13}},"3":{"start":{"line":17,"column":0},"end":{"line":17,"column":25}},"4":{"start":{"line":18,"column":0},"end":{"line":18,"column":46}},"5":{"start":{"line":25,"column":0},"end":{"line":25,"column":35}},"6":{"start":{"line":27,"column":0},"end":{"line":27,"column":20}}},"fnMap":{},"branchMap":{},"s":{"0":2,"1":2,"2":2,"3":2,"4":2,"5":2,"6":2},"f":{},"b":{},"_coverageSchema":"1a1c01bbd47fc00a2c39e90264f33305004495a9","hash":"2909331e25afdf387f68f3d28aad637b49d897c3"}
,"/home/luke/projects/totalcloud/backend/auth/app/controllers/auth.js": {"path":"/home/luke/projects/totalcloud/backend/auth/app/controllers/auth.js","statementMap":{"0":{"start":{"line":3,"column":15},"end":{"line":3,"column":32}},"1":{"start":{"line":4,"column":12},"end":{"line":4,"column":35}},"2":{"start":{"line":6,"column":11},"end":{"line":6,"column":34}},"3":{"start":{"line":7,"column":13},"end":{"line":7,"column":20}},"4":{"start":{"line":12,"column":0},"end":{"line":53,"column":2}},"5":{"start":{"line":13,"column":32},"end":{"line":13,"column":40}},"6":{"start":{"line":16,"column":4},"end":{"line":18,"column":5}},"7":{"start":{"line":17,"column":8},"end":{"line":17,"column":74}},"8":{"start":{"line":20,"column":4},"end":{"line":52,"column":5}},"9":{"start":{"line":22,"column":21},"end":{"line":22,"column":79}},"10":{"start":{"line":23,"column":8},"end":{"line":25,"column":9}},"11":{"start":{"line":24,"column":12},"end":{"line":24,"column":78}},"12":{"start":{"line":29,"column":21},"end":{"line":29,"column":70}},"13":{"start":{"line":30,"column":8},"end":{"line":32,"column":9}},"14":{"start":{"line":31,"column":12},"end":{"line":31,"column":78}},"15":{"start":{"line":35,"column":22},"end":{"line":44,"column":9}},"16":{"start":{"line":46,"column":8},"end":{"line":46,"column":49}},"17":{"start":{"line":48,"column":8},"end":{"line":50,"column":9}},"18":{"start":{"line":49,"column":12},"end":{"line":49,"column":76}},"19":{"start":{"line":51,"column":8},"end":{"line":51,"column":78}}},"fnMap":{"0":{"name":"(anonymous_0)","decl":{"start":{"line":12,"column":16},"end":{"line":12,"column":17}},"loc":{"start":{"line":12,"column":36},"end":{"line":53,"column":1}},"line":12}},"branchMap":{"0":{"loc":{"start":{"line":16,"column":4},"end":{"line":18,"column":5}},"type":"if","locations":[{"start":{"line":16,"column":4},"end":{"line":18,"column":5}},{"start":{},"end":{}}],"line":16},"1":{"loc":{"start":{"line":16,"column":8},"end":{"line":16,"column":27}},"type":"binary-expr","locations":[{"start":{"line":16,"column":8},"end":{"line":16,"column":14}},{"start":{"line":16,"column":18},"end":{"line":16,"column":27}}],"line":16},"2":{"loc":{"start":{"line":23,"column":8},"end":{"line":25,"column":9}},"type":"if","locations":[{"start":{"line":23,"column":8},"end":{"line":25,"column":9}},{"start":{},"end":{}}],"line":23},"3":{"loc":{"start":{"line":30,"column":8},"end":{"line":32,"column":9}},"type":"if","locations":[{"start":{"line":30,"column":8},"end":{"line":32,"column":9}},{"start":{},"end":{}}],"line":30},"4":{"loc":{"start":{"line":48,"column":8},"end":{"line":50,"column":9}},"type":"if","locations":[{"start":{"line":48,"column":8},"end":{"line":50,"column":9}},{"start":{},"end":{}}],"line":48}},"s":{"0":2,"1":2,"2":2,"3":2,"4":2,"5":4,"6":4,"7":1,"8":3,"9":3,"10":3,"11":3,"12":0,"13":0,"14":0,"15":0,"16":0,"17":0,"18":0,"19":0},"f":{"0":4},"b":{"0":[1,3],"1":[4,4],"2":[3,0],"3":[0,0],"4":[0,0]},"_coverageSchema":"1a1c01bbd47fc00a2c39e90264f33305004495a9","hash":"b32a7e27dd8831d27403d3d75e6d5354cf592993"}
,"/home/luke/projects/totalcloud/backend/auth/app/models/user.js": {"path":"/home/luke/projects/totalcloud/backend/auth/app/models/user.js","statementMap":{"0":{"start":{"line":3,"column":22},"end":{"line":3,"column":42}},"1":{"start":{"line":4,"column":15},"end":{"line":4,"column":32}},"2":{"start":{"line":8,"column":0},"end":{"line":56,"column":2}},"3":{"start":{"line":9,"column":17},"end":{"line":44,"column":5}},"4":{"start":{"line":46,"column":4},"end":{"line":49,"column":7}},"5":{"start":{"line":47,"column":19},"end":{"line":47,"column":92}},"6":{"start":{"line":48,"column":8},"end":{"line":48,"column":29}},"7":{"start":{"line":51,"column":4},"end":{"line":53,"column":6}},"8":{"start":{"line":52,"column":8},"end":{"line":52,"column":56}},"9":{"start":{"line":55,"column":4},"end":{"line":55,"column":16}}},"fnMap":{"0":{"name":"(anonymous_0)","decl":{"start":{"line":8,"column":17},"end":{"line":8,"column":18}},"loc":{"start":{"line":8,"column":32},"end":{"line":56,"column":1}},"line":8},"1":{"name":"(anonymous_1)","decl":{"start":{"line":46,"column":22},"end":{"line":46,"column":23}},"loc":{"start":{"line":46,"column":47},"end":{"line":49,"column":5}},"line":46},"2":{"name":"(anonymous_2)","decl":{"start":{"line":51,"column":25},"end":{"line":51,"column":26}},"loc":{"start":{"line":51,"column":55},"end":{"line":53,"column":5}},"line":51}},"branchMap":{},"s":{"0":2,"1":2,"2":2,"3":2,"4":2,"5":0,"6":0,"7":2,"8":0,"9":2},"f":{"0":2,"1":0,"2":0},"b":{},"_coverageSchema":"1a1c01bbd47fc00a2c39e90264f33305004495a9","hash":"64fe18e22752c8a433ad48ef37aac3108ba88d81"}
,"/home/luke/projects/totalcloud/backend/auth/app/routes/auth.js": {"path":"/home/luke/projects/totalcloud/backend/auth/app/routes/auth.js","statementMap":{"0":{"start":{"line":3,"column":16},"end":{"line":3,"column":34}},"1":{"start":{"line":4,"column":17},"end":{"line":4,"column":47}},"2":{"start":{"line":8,"column":15},"end":{"line":8,"column":31}},"3":{"start":{"line":12,"column":0},"end":{"line":16,"column":3}},"4":{"start":{"line":13,"column":18},"end":{"line":13,"column":28}},"5":{"start":{"line":14,"column":4},"end":{"line":14,"column":48}},"6":{"start":{"line":15,"column":4},"end":{"line":15,"column":11}},"7":{"start":{"line":21,"column":0},"end":{"line":21,"column":38}},"8":{"start":{"line":23,"column":0},"end":{"line":23,"column":24}}},"fnMap":{"0":{"name":"(anonymous_0)","decl":{"start":{"line":12,"column":11},"end":{"line":12,"column":12}},"loc":{"start":{"line":12,"column":31},"end":{"line":16,"column":1}},"line":12}},"branchMap":{},"s":{"0":2,"1":2,"2":2,"3":2,"4":4,"5":4,"6":4,"7":2,"8":2},"f":{"0":4},"b":{},"_coverageSchema":"1a1c01bbd47fc00a2c39e90264f33305004495a9","hash":"0c69f2ba8cd7d07fa289cb2c8a8fbf222057a20c"}
}
