TN:
SF:app/api.js
FN:29,(anonymous_0)
FN:35,(anonymous_1)
FNF:2
FNH:2
FNDA:1,(anonymous_0)
FNDA:1,(anonymous_1)
DA:3,2
DA:4,2
DA:8,2
DA:10,2
DA:18,2
DA:19,2
DA:24,2
DA:29,2
DA:30,1
DA:33,2
DA:35,2
DA:37,2
LF:12
LH:12
BRF:0
BRH:0
end_of_record
TN:
SF:app/db.config.js
FNF:0
FNH:0
DA:3,2
DA:7,2
DA:15,2
DA:17,2
DA:18,2
DA:25,2
DA:27,2
LF:7
LH:7
BRF:0
BRH:0
end_of_record
TN:
SF:app/controllers/auth.js
FN:12,(anonymous_0)
FNF:1
FNH:1
FNDA:4,(anonymous_0)
DA:3,2
DA:4,2
DA:6,2
DA:7,2
DA:12,2
DA:13,4
DA:16,4
DA:17,1
DA:20,3
DA:22,3
DA:23,3
DA:24,3
DA:29,0
DA:30,0
DA:31,0
DA:35,0
DA:46,0
DA:48,0
DA:49,0
DA:51,0
LF:20
LH:12
BRDA:16,0,0,1
BRDA:16,0,1,3
BRDA:16,1,0,4
BRDA:16,1,1,4
BRDA:23,2,0,3
BRDA:23,2,1,0
BRDA:30,3,0,0
BRDA:30,3,1,0
BRDA:48,4,0,0
BRDA:48,4,1,0
BRF:10
BRH:5
end_of_record
TN:
SF:app/models/user.js
FN:8,(anonymous_0)
FN:46,(anonymous_1)
FN:51,(anonymous_2)
FNF:3
FNH:1
FNDA:2,(anonymous_0)
FNDA:0,(anonymous_1)
FNDA:0,(anonymous_2)
DA:3,2
DA:4,2
DA:8,2
DA:9,2
DA:46,2
DA:47,0
DA:48,0
DA:51,2
DA:52,0
DA:55,2
LF:10
LH:7
BRF:0
BRH:0
end_of_record
TN:
SF:app/routes/auth.js
FN:12,(anonymous_0)
FNF:1
FNH:1
FNDA:4,(anonymous_0)
DA:3,2
DA:4,2
DA:8,2
DA:12,2
DA:13,4
DA:14,4
DA:15,4
DA:21,2
DA:23,2
LF:9
LH:9
BRF:0
BRH:0
end_of_record
